<?xml version="1.0" encoding="UTF-8"?>
<!-- Generated by org.testng.reporters.JUnitReportReporter -->
<testsuite skipped="0" hostname="DESKTOP-BSR4KSA" name="selenium_Command.Frame_With_WebElement_HandleBYSelenium2" tests="1" failures="0" timestamp="2022-11-26T23:39:14 CST" time="4.519" errors="0">
  <testcase name="getDrowdown1" time="4.519" classname="selenium_Command.Frame_With_WebElement_HandleBYSelenium2"/>
  <system-out/>
</testsuite> <!-- selenium_Command.Frame_With_WebElement_HandleBYSelenium2 -->
