<?xml version="1.0" encoding="UTF-8"?>
<!-- Generated by org.testng.reporters.JUnitReportReporter -->
<testsuite skipped="0" hostname="DESKTOP-BSR4KSA" name="selenium_Command.Conditioal_Command" tests="2" failures="0" timestamp="2022-11-24T20:19:34 CST" time="6.140" errors="0">
  <testcase name="getWebElementStatus" time="2.754" classname="selenium_Command.Conditioal_Command"/>
  <system-out/>
  <testcase name="getStatusradiobutton" time="3.386" classname="selenium_Command.Conditioal_Command"/>
  <system-out/>
</testsuite> <!-- selenium_Command.Conditioal_Command -->
