<?xml version="1.0" encoding="UTF-8"?>
<!-- Generated by org.testng.reporters.JUnitReportReporter -->
<testsuite skipped="0" hostname="DESKTOP-BSR4KSA" name="selenium_Command.Wait_Command" tests="1" failures="0" timestamp="2022-11-24T23:23:47 CST" time="22.881" errors="0">
  <testcase name="getExplicitWaitStatement" time="22.881" classname="selenium_Command.Wait_Command"/>
  <system-out/>
</testsuite> <!-- selenium_Command.Wait_Command -->
