<?xml version="1.0" encoding="UTF-8"?>
<!-- Generated by org.testng.reporters.JUnitReportReporter -->
<testsuite skipped="0" hostname="DESKTOP-BSR4KSA" name="selenium_Command.Browser_Command" tests="1" failures="0" timestamp="2022-11-24T20:44:12 CST" time="10.131" errors="0">
  <testcase name="gebrowserCommand" time="10.131" classname="selenium_Command.Browser_Command"/>
  <system-out/>
</testsuite> <!-- selenium_Command.Browser_Command -->
