<?xml version="1.0" encoding="UTF-8"?>
<!-- Generated by org.testng.reporters.JUnitReportReporter -->
<testsuite skipped="0" hostname="DESKTOP-BSR4KSA" name="selenium_Command.DropDownAuto_Suggest_DynamicData" tests="1" failures="0" timestamp="2022-11-26T00:37:54 CST" time="6.566" errors="0">
  <testcase name="getDrowdown1" time="6.566" classname="selenium_Command.DropDownAuto_Suggest_DynamicData"/>
  <system-out/>
</testsuite> <!-- selenium_Command.DropDownAuto_Suggest_DynamicData -->
