<?xml version="1.0" encoding="UTF-8"?>
<!-- Generated by org.testng.reporters.JUnitReportReporter -->
<testsuite skipped="0" hostname="DESKTOP-BSR4KSA" name="selenium_Command.DropDown_HandleBySeleniumCommand" tests="1" failures="0" timestamp="2022-11-25T20:55:42 CST" time="8.169" errors="0">
  <testcase name="getDrowdown1" time="8.169" classname="selenium_Command.DropDown_HandleBySeleniumCommand"/>
  <system-out/>
</testsuite> <!-- selenium_Command.DropDown_HandleBySeleniumCommand -->
