<?xml version="1.0" encoding="UTF-8"?>
<!-- Generated by org.testng.reporters.JUnitReportReporter -->
<testsuite skipped="0" hostname="DESKTOP-BSR4KSA" name="selenium_Command.Frame_HandleBYSelenium" tests="1" failures="0" timestamp="2022-11-26T21:10:14 CST" time="3.592" errors="0">
  <testcase name="getDrowdown1" time="3.592" classname="selenium_Command.Frame_HandleBYSelenium"/>
  <system-out/>
</testsuite> <!-- selenium_Command.Frame_HandleBYSelenium -->
