<?xml version="1.0" encoding="UTF-8"?>
<!-- Generated by org.testng.reporters.JUnitReportReporter -->
<testsuite skipped="0" hostname="DESKTOP-BSR4KSA" name="selenium_Command.Get_Methods" tests="2" failures="0" timestamp="2022-11-24T19:45:58 CST" time="12.833" errors="0">
  <testcase name="getSeleniumMethods" time="6.832" classname="selenium_Command.Get_Methods"/>
  <system-out/>
  <testcase name="getHandlewindow" time="6.001" classname="selenium_Command.Get_Methods"/>
  <system-out/>
</testsuite> <!-- selenium_Command.Get_Methods -->
