<?xml version="1.0" encoding="UTF-8"?>
<!-- Generated by org.testng.reporters.JUnitReportReporter -->
<testsuite skipped="0" hostname="DESKTOP-BSR4KSA" name="selenium_Command.Browser_Command" tests="1" failures="0" timestamp="2022-11-27T18:20:41 CST" time="10.531" errors="0">
  <testcase name="gebrowserCommand" time="10.531" classname="selenium_Command.Browser_Command"/>
  <system-out/>
</testsuite> <!-- selenium_Command.Browser_Command -->
