<?xml version="1.0" encoding="UTF-8"?>
<!-- Generated by org.testng.reporters.JUnitReportReporter -->
<testsuite skipped="0" hostname="DESKTOP-BSR4KSA" name="selenium_Command.Alert_handle" tests="1" failures="0" timestamp="2022-11-26T09:00:42 CST" time="19.333" errors="0">
  <testcase name="getDrowdown1" time="19.333" classname="selenium_Command.Alert_handle"/>
  <system-out/>
</testsuite> <!-- selenium_Command.Alert_handle -->
