<?xml version="1.0" encoding="UTF-8"?>
<!-- Generated by org.testng.reporters.JUnitReportReporter -->
<testsuite skipped="0" hostname="DESKTOP-BSR4KSA" name="selenium_Command.Navigate_Commands" tests="1" failures="0" timestamp="2022-11-25T13:18:03 CST" time="46.986" errors="0">
  <testcase name="navigationalCommand" time="46.986" classname="selenium_Command.Navigate_Commands"/>
  <system-out/>
</testsuite> <!-- selenium_Command.Navigate_Commands -->
