<?xml version="1.0" encoding="UTF-8"?>
<!-- Generated by org.testng.reporters.JUnitReportReporter -->
<testsuite skipped="0" hostname="DESKTOP-BSR4KSA" name="selenium_Command.Alert_ForSign_in_Application" tests="1" failures="0" timestamp="2022-11-26T09:17:15 CST" time="3.196" errors="0">
  <testcase name="getDrowdown1" time="3.196" classname="selenium_Command.Alert_ForSign_in_Application"/>
  <system-out/>
</testsuite> <!-- selenium_Command.Alert_ForSign_in_Application -->
