<?xml version="1.0" encoding="UTF-8"?>
<!-- Generated by org.testng.reporters.JUnitReportReporter -->
<testsuite skipped="0" hostname="DESKTOP-BSR4KSA" name="selenium_Command.DropDown_HandleBy_No_SelectTAG" tests="1" failures="0" timestamp="2022-11-25T21:48:55 CST" time="20.830" errors="0">
  <testcase name="getbootsDropdown" time="20.830" classname="selenium_Command.DropDown_HandleBy_No_SelectTAG"/>
  <system-out/>
</testsuite> <!-- selenium_Command.DropDown_HandleBy_No_SelectTAG -->
