<?xml version="1.0" encoding="UTF-8"?>
<!-- Generated by org.testng.reporters.JUnitReportReporter -->
<testsuite skipped="0" hostname="DESKTOP-BSR4KSA" name="selenium_Command.CheckBoxHandle_Selenium" tests="1" failures="0" timestamp="2022-11-25T14:03:55 CST" time="5.120" errors="0">
  <testcase name="actionOnCheckbxes" time="5.120" classname="selenium_Command.CheckBoxHandle_Selenium"/>
  <system-out/>
</testsuite> <!-- selenium_Command.CheckBoxHandle_Selenium -->
