<?xml version="1.0" encoding="UTF-8"?>
<!-- Generated by org.testng.reporters.JUnitReportReporter -->
<testsuite skipped="0" hostname="DESKTOP-BSR4KSA" name="selenium_Command.Browser_Windows_HandleBY_Selenium" tests="1" failures="0" timestamp="2022-11-27T00:45:55 CST" time="7.578" errors="0">
  <testcase name="gebrowserCommand" time="7.578" classname="selenium_Command.Browser_Windows_HandleBY_Selenium"/>
  <system-out/>
</testsuite> <!-- selenium_Command.Browser_Windows_HandleBY_Selenium -->
